[0m16:01:06.345858 [debug] [MainThread]: Sending event: {'category': 'dbt', 'action': 'invocation', 'label': 'start', 'context': [<snowplow_tracker.self_describing_json.SelfDescribingJson object at 0x00000210EE28B770>, <snowplow_tracker.self_describing_json.SelfDescribingJson object at 0x00000210EF6DBD90>, <snowplow_tracker.self_describing_json.SelfDescribingJson object at 0x00000210EF6DB9D0>]}


============================== 16:01:06.351321 | 47d494b0-bddb-4c3f-901b-4d2e5974fe21 ==============================
[0m16:01:06.351321 [info ] [MainThread]: Running with dbt=1.11.2
[0m16:01:06.352081 [debug] [MainThread]: running dbt with arguments {'version_check': 'True', 'no_print': 'None', 'static_parser': 'True', 'warn_error_options': 'WarnErrorOptionsV2(error=[], warn=[], silence=[])', 'target_path': 'None', 'printer_width': '80', 'write_json': 'True', 'introspect': 'True', 'log_cache_events': 'False', 'empty': 'None', 'cache_selected_only': 'False', 'log_format': 'default', 'debug': 'False', 'fail_fast': 'False', 'profiles_dir': 'C:\\Users\\ADBI-MASSINE\\.dbt', 'send_anonymous_usage_stats': 'True', 'quiet': 'False', 'warn_error': 'None', 'partial_parse': 'True', 'use_colors': 'True', 'indirect_selection': 'eager', 'invocation_command': 'dbt init --skip-profile-setup airbnb', 'use_experimental_parser': 'False', 'log_path': 'logs'}
[0m16:01:06.785114 [info ] [MainThread]: Creating dbt configuration folder at C:\Users\ADBI-MASSINE\.dbt
[0m16:01:06.790861 [debug] [MainThread]: Starter project path: D:\Formations\formation DBT\Github_repository\course\.venv\Lib\site-packages\dbt\include\starter_project
[0m16:01:06.820864 [info ] [MainThread]: 
Your new dbt project "airbnb" was created!

For more information on how to configure the profiles.yml file,
please consult the dbt documentation here:

  https://docs.getdbt.com/docs/configure-your-profile

One more thing:

Need help? Don't hesitate to reach out to us via GitHub issues or on Slack:

  https://community.getdbt.com/

Happy modeling!

[0m16:01:06.823095 [debug] [MainThread]: Command `dbt init` succeeded at 16:01:06.822782 after 0.66 seconds
[0m16:01:06.824629 [debug] [MainThread]: Sending event: {'category': 'dbt', 'action': 'invocation', 'label': 'end', 'context': [<snowplow_tracker.self_describing_json.SelfDescribingJson object at 0x00000210F0840510>, <snowplow_tracker.self_describing_json.SelfDescribingJson object at 0x00000210F0828DD0>, <snowplow_tracker.self_describing_json.SelfDescribingJson object at 0x00000210EF5769C0>]}
[0m16:01:06.825993 [debug] [MainThread]: Flushing usage events
[0m16:01:07.256094 [debug] [MainThread]: An error was encountered while trying to flush usage events
[0m16:12:39.409101 [debug] [MainThread]: Sending event: {'category': 'dbt', 'action': 'invocation', 'label': 'start', 'context': [<snowplow_tracker.self_describing_json.SelfDescribingJson object at 0x000001B6AD9DB770>, <snowplow_tracker.self_describing_json.SelfDescribingJson object at 0x000001B6AEE2BD90>, <snowplow_tracker.self_describing_json.SelfDescribingJson object at 0x000001B6AEE2B9D0>]}


============================== 16:12:39.420622 | 7bfa4fbf-c1ab-41ce-abbb-836879780035 ==============================
[0m16:12:39.420622 [info ] [MainThread]: Running with dbt=1.11.2
[0m16:12:39.422320 [debug] [MainThread]: running dbt with arguments {'version_check': 'True', 'no_print': 'None', 'static_parser': 'True', 'warn_error_options': 'WarnErrorOptionsV2(error=[], warn=[], silence=[])', 'target_path': 'None', 'printer_width': '80', 'write_json': 'True', 'empty': 'None', 'log_cache_events': 'False', 'introspect': 'True', 'cache_selected_only': 'False', 'log_format': 'default', 'debug': 'False', 'fail_fast': 'False', 'profiles_dir': 'C:\\Users\\ADBI-MASSINE\\.dbt', 'send_anonymous_usage_stats': 'True', 'quiet': 'False', 'warn_error': 'None', 'partial_parse': 'True', 'invocation_command': 'dbt debug', 'use_colors': 'True', 'indirect_selection': 'eager', 'use_experimental_parser': 'False', 'log_path': 'logs'}
[0m16:12:39.569205 [info ] [MainThread]: dbt version: 1.11.2
[0m16:12:39.570996 [info ] [MainThread]: python version: 3.13.12
[0m16:12:39.572908 [info ] [MainThread]: python path: D:\Formations\formation DBT\Github_repository\course\.venv\Scripts\python.exe
[0m16:12:39.574720 [info ] [MainThread]: os info: Windows-11-10.0.22631-SP0
[0m16:12:39.576100 [info ] [MainThread]: Using profiles dir at C:\Users\ADBI-MASSINE\.dbt
[0m16:12:39.577523 [info ] [MainThread]: Using profiles.yml file at C:\Users\ADBI-MASSINE\.dbt\profiles.yml
[0m16:12:39.578623 [info ] [MainThread]: Using dbt_project.yml file at D:\Formations\formation DBT\Github_repository\course\dbt_project.yml
[0m16:12:39.579871 [info ] [MainThread]: Configuration:
[0m16:12:39.581470 [info ] [MainThread]:   profiles.yml file [[31mERROR not found[0m]
[0m16:12:39.583069 [info ] [MainThread]:   dbt_project.yml file [[31mERROR not found[0m]
[0m16:12:39.584748 [info ] [MainThread]: Required dependencies:
[0m16:12:39.586772 [debug] [MainThread]: Executing "git --help"
[0m16:12:39.692863 [debug] [MainThread]: STDOUT: "b"usage: git [-v | --version] [-h | --help] [-C <path>] [-c <name>=<value>]\n           [--exec-path[=<path>]] [--html-path] [--man-path] [--info-path]\n           [-p | --paginate | -P | --no-pager] [--no-replace-objects] [--no-lazy-fetch]\n           [--no-optional-locks] [--no-advice] [--bare] [--git-dir=<path>]\n           [--work-tree=<path>] [--namespace=<name>] [--config-env=<name>=<envvar>]\n           <command> [<args>]\n\nThese are common Git commands used in various situations:\n\nstart a working area (see also: git help tutorial)\n   clone      Clone a repository into a new directory\n   init       Create an empty Git repository or reinitialize an existing one\n\nwork on the current change (see also: git help everyday)\n   add        Add file contents to the index\n   mv         Move or rename a file, a directory, or a symlink\n   restore    Restore working tree files\n   rm         Remove files from the working tree and from the index\n\nexamine the history and state (see also: git help revisions)\n   bisect     Use binary search to find the commit that introduced a bug\n   diff       Show changes between commits, commit and working tree, etc\n   grep       Print lines matching a pattern\n   log        Show commit logs\n   show       Show various types of objects\n   status     Show the working tree status\n\ngrow, mark and tweak your common history\n   backfill   Download missing objects in a partial clone\n   branch     List, create, or delete branches\n   commit     Record changes to the repository\n   merge      Join two or more development histories together\n   rebase     Reapply commits on top of another base tip\n   reset      Set `HEAD` or the index to a known state\n   switch     Switch branches\n   tag        Create, list, delete or verify tags\n\ncollaborate (see also: git help workflows)\n   fetch      Download objects and refs from another repository\n   pull       Fetch from and integrate with another repository or a local branch\n   push       Update remote refs along with associated objects\n\n'git help -a' and 'git help -g' list available subcommands and some\nconcept guides. See 'git help <command>' or 'git help <concept>'\nto read about a specific subcommand or concept.\nSee 'git help git' for an overview of the system.\n""
[0m16:12:39.694141 [debug] [MainThread]: STDERR: "b''"
[0m16:12:39.695253 [info ] [MainThread]:  - git [[32mOK found[0m]

[0m16:12:39.696554 [info ] [MainThread]: Connection test skipped since no profile was found
[0m16:12:39.697959 [info ] [MainThread]: [31m2 checks failed:[0m
[0m16:12:39.699703 [info ] [MainThread]: dbt looked for a profiles.yml file in C:\Users\ADBI-MASSINE\.dbt\profiles.yml, but did
not find one. For more information on configuring your profile, consult the
documentation:

https://docs.getdbt.com/docs/configure-your-profile


[0m16:12:39.701713 [info ] [MainThread]: Project loading failed for the following reason:
 project path <D:\Formations\formation DBT\Github_repository\course\dbt_project.yml> not found

[0m16:12:39.705302 [debug] [MainThread]: Command `dbt debug` failed at 16:12:39.704950 after 0.65 seconds
[0m16:12:39.706279 [debug] [MainThread]: Sending event: {'category': 'dbt', 'action': 'invocation', 'label': 'end', 'context': [<snowplow_tracker.self_describing_json.SelfDescribingJson object at 0x000001B6AED5F360>, <snowplow_tracker.self_describing_json.SelfDescribingJson object at 0x000001B6AEEA83B0>, <snowplow_tracker.self_describing_json.SelfDescribingJson object at 0x000001B6AECC7020>]}
[0m16:12:39.707231 [debug] [MainThread]: Flushing usage events
[0m16:12:40.273415 [debug] [MainThread]: An error was encountered while trying to flush usage events
[0m00:19:30.230712 [debug] [MainThread]: Sending event: {'category': 'dbt', 'action': 'invocation', 'label': 'start', 'context': [<snowplow_tracker.self_describing_json.SelfDescribingJson object at 0x00000190613C3620>, <snowplow_tracker.self_describing_json.SelfDescribingJson object at 0x000001905EFFC190>, <snowplow_tracker.self_describing_json.SelfDescribingJson object at 0x00000190625FBB10>]}


============================== 00:19:30.242330 | e06ea22d-d707-4807-8630-3d94f177a38f ==============================
[0m00:19:30.242330 [info ] [MainThread]: Running with dbt=1.11.2
[0m00:19:30.243310 [debug] [MainThread]: running dbt with arguments {'version_check': 'True', 'no_print': 'None', 'static_parser': 'True', 'warn_error_options': 'WarnErrorOptionsV2(error=[], warn=[], silence=[])', 'target_path': 'None', 'printer_width': '80', 'write_json': 'True', 'empty': 'None', 'log_cache_events': 'False', 'introspect': 'True', 'cache_selected_only': 'False', 'log_format': 'default', 'debug': 'False', 'fail_fast': 'False', 'profiles_dir': 'C:\\Users\\ADBI-MASSINE\\.dbt', 'send_anonymous_usage_stats': 'True', 'quiet': 'False', 'warn_error': 'None', 'partial_parse': 'True', 'indirect_selection': 'eager', 'use_colors': 'True', 'invocation_command': 'dbt debug', 'use_experimental_parser': 'False', 'log_path': 'logs'}
[0m00:19:30.286454 [info ] [MainThread]: dbt version: 1.11.2
[0m00:19:30.287041 [info ] [MainThread]: python version: 3.13.0
[0m00:19:30.287554 [info ] [MainThread]: python path: D:\Formations\formation DBT\Github_repository\course\.venv\Scripts\python.exe
[0m00:19:30.288050 [info ] [MainThread]: os info: Windows-11-10.0.22631-SP0
[0m00:19:30.768066 [debug] [MainThread]: Snowflake adapter: Setting snowflake.connector to ERROR (file logging only)
[0m00:19:30.768512 [debug] [MainThread]: Snowflake adapter: Setting botocore to ERROR (file logging only)
[0m00:19:30.768847 [debug] [MainThread]: Snowflake adapter: Setting boto3 to ERROR (file logging only)
[0m00:19:30.848713 [info ] [MainThread]: Using profiles dir at C:\Users\ADBI-MASSINE\.dbt
[0m00:19:30.849432 [info ] [MainThread]: Using profiles.yml file at C:\Users\ADBI-MASSINE\.dbt\profiles.yml
[0m00:19:30.849973 [info ] [MainThread]: Using dbt_project.yml file at D:\Formations\formation DBT\Github_repository\course\dbt_project.yml
[0m00:19:30.851440 [info ] [MainThread]: adapter type: snowflake
[0m00:19:30.851970 [info ] [MainThread]: adapter version: 1.11.1
[0m00:19:30.852557 [info ] [MainThread]: Configuration:
[0m00:19:30.853087 [info ] [MainThread]:   profiles.yml file [[32mOK found and valid[0m]
[0m00:19:30.853641 [info ] [MainThread]:   dbt_project.yml file [[31mERROR not found[0m]
[0m00:19:30.854228 [info ] [MainThread]: Required dependencies:
[0m00:19:30.854945 [debug] [MainThread]: Executing "git --help"
[0m00:19:30.903226 [debug] [MainThread]: STDOUT: "b"usage: git [-v | --version] [-h | --help] [-C <path>] [-c <name>=<value>]\n           [--exec-path[=<path>]] [--html-path] [--man-path] [--info-path]\n           [-p | --paginate | -P | --no-pager] [--no-replace-objects] [--no-lazy-fetch]\n           [--no-optional-locks] [--no-advice] [--bare] [--git-dir=<path>]\n           [--work-tree=<path>] [--namespace=<name>] [--config-env=<name>=<envvar>]\n           <command> [<args>]\n\nThese are common Git commands used in various situations:\n\nstart a working area (see also: git help tutorial)\n   clone      Clone a repository into a new directory\n   init       Create an empty Git repository or reinitialize an existing one\n\nwork on the current change (see also: git help everyday)\n   add        Add file contents to the index\n   mv         Move or rename a file, a directory, or a symlink\n   restore    Restore working tree files\n   rm         Remove files from the working tree and from the index\n\nexamine the history and state (see also: git help revisions)\n   bisect     Use binary search to find the commit that introduced a bug\n   diff       Show changes between commits, commit and working tree, etc\n   grep       Print lines matching a pattern\n   log        Show commit logs\n   show       Show various types of objects\n   status     Show the working tree status\n\ngrow, mark and tweak your common history\n   backfill   Download missing objects in a partial clone\n   branch     List, create, or delete branches\n   commit     Record changes to the repository\n   merge      Join two or more development histories together\n   rebase     Reapply commits on top of another base tip\n   reset      Set `HEAD` or the index to a known state\n   switch     Switch branches\n   tag        Create, list, delete or verify tags\n\ncollaborate (see also: git help workflows)\n   fetch      Download objects and refs from another repository\n   pull       Fetch from and integrate with another repository or a local branch\n   push       Update remote refs along with associated objects\n\n'git help -a' and 'git help -g' list available subcommands and some\nconcept guides. See 'git help <command>' or 'git help <concept>'\nto read about a specific subcommand or concept.\nSee 'git help git' for an overview of the system.\n""
[0m00:19:30.903710 [debug] [MainThread]: STDERR: "b''"
[0m00:19:30.904057 [info ] [MainThread]:  - git [[32mOK found[0m]

[0m00:19:30.904633 [info ] [MainThread]: Connection:
[0m00:19:30.905247 [info ] [MainThread]:   account: 0
[0m00:19:30.906128 [info ] [MainThread]:   user: 0
[0m00:19:30.906982 [info ] [MainThread]:   database: 0
[0m00:19:30.907682 [info ] [MainThread]:   warehouse: 0
[0m00:19:30.908526 [info ] [MainThread]:   role: 0
[0m00:19:30.909420 [info ] [MainThread]:   schema: 0
[0m00:19:30.910255 [info ] [MainThread]:   authenticator: 0
[0m00:19:30.911059 [info ] [MainThread]:   oauth_client_id: None
[0m00:19:30.911747 [info ] [MainThread]:   query_tag: None
[0m00:19:30.912456 [info ] [MainThread]:   client_session_keep_alive: False
[0m00:19:30.913101 [info ] [MainThread]:   host: None
[0m00:19:30.913707 [info ] [MainThread]:   port: None
[0m00:19:30.914355 [info ] [MainThread]:   proxy_host: None
[0m00:19:30.914878 [info ] [MainThread]:   proxy_port: None
[0m00:19:30.915396 [info ] [MainThread]:   protocol: None
[0m00:19:30.916094 [info ] [MainThread]:   connect_retries: 1
[0m00:19:30.916705 [info ] [MainThread]:   connect_timeout: None
[0m00:19:30.917390 [info ] [MainThread]:   retry_on_database_errors: False
[0m00:19:30.917891 [info ] [MainThread]:   retry_all: False
[0m00:19:30.918437 [info ] [MainThread]:   insecure_mode: False
[0m00:19:30.919075 [info ] [MainThread]:   reuse_connections: True
[0m00:19:30.919497 [info ] [MainThread]:   s3_stage_vpce_dns_name: None
[0m00:19:30.919931 [info ] [MainThread]:   platform_detection_timeout_seconds: 0.0
[0m00:19:30.920650 [info ] [MainThread]: Registered adapter: snowflake=1.11.1
[0m00:19:31.317301 [debug] [MainThread]: Acquiring new snowflake connection 'debug'
[0m00:19:32.464143 [debug] [MainThread]: Using snowflake connection "debug"
[0m00:19:32.464516 [debug] [MainThread]: On debug: select 1 as id
[0m00:19:32.464808 [debug] [MainThread]: Opening a new connection, currently in state init
[0m00:19:32.561819 [debug] [MainThread]: Snowflake adapter: Error running SQL: select 1 as id
[0m00:19:32.562198 [debug] [MainThread]: Snowflake adapter: Rolling back transaction.
[0m00:19:32.562528 [info ] [MainThread]:   Connection test: [[31mERROR[0m]

[0m00:19:32.563249 [info ] [MainThread]: [31m2 checks failed:[0m
[0m00:19:32.563851 [info ] [MainThread]: Project loading failed for the following reason:
 project path <D:\Formations\formation DBT\Github_repository\course\dbt_project.yml> not found

[0m00:19:32.564500 [info ] [MainThread]: dbt was unable to connect to the specified database.
The database returned the following error:

  >Database Error
  251007: Unknown authenticator: 0

Check your database credentials and try again. For more information, visit:
https://docs.getdbt.com/docs/configure-your-profile


[0m00:19:32.565954 [debug] [MainThread]: Command `dbt debug` failed at 00:19:32.565836 after 2.49 seconds
[0m00:19:32.566272 [debug] [MainThread]: Connection 'debug' was left open.
[0m00:19:32.566559 [debug] [MainThread]: On debug: No close available on handle
[0m00:19:32.566875 [debug] [MainThread]: Sending event: {'category': 'dbt', 'action': 'invocation', 'label': 'end', 'context': [<snowplow_tracker.self_describing_json.SelfDescribingJson object at 0x0000019064B0D810>, <snowplow_tracker.self_describing_json.SelfDescribingJson object at 0x0000019064BB85F0>, <snowplow_tracker.self_describing_json.SelfDescribingJson object at 0x000001906472B9B0>]}
[0m00:19:32.567246 [debug] [MainThread]: Flushing usage events
[0m00:19:33.282331 [debug] [MainThread]: An error was encountered while trying to flush usage events
